<?xml version="1.0" encoding="UTF-8"?>
<!-- Generated by org.testng.reporters.JUnitReportReporter -->
<testsuite skipped="0" hostname="LPT547-B1" name="utils.ExcelToDataProvider" tests="2" failures="0" timestamp="07 Jan 2019 19:37:46 GMT" time="0.015" errors="0">
  <testcase name="fillUserForm" time="0.013" classname="utils.ExcelToDataProvider"/>
  <testcase name="fillUserForm" time="0.002" classname="utils.ExcelToDataProvider"/>
</testsuite> <!-- utils.ExcelToDataProvider -->
