<?xml version="1.0" encoding="UTF-8"?>
<!-- Generated by org.testng.reporters.JUnitReportReporter -->
<testsuite skipped="0" hostname="LPT547-B1" name="Appium.MobileAutomation.googleEarth" tests="1" failures="0" timestamp="20 Dec 2018 06:12:31 GMT" time="77.151" errors="0">
  <testcase name="basicTest" time="77.151" classname="Appium.MobileAutomation.googleEarth"/>
</testsuite> <!-- Appium.MobileAutomation.googleEarth -->
