<?xml version="1.0" encoding="UTF-8"?>
<!-- Generated by org.testng.reporters.JUnitReportReporter -->
<testsuite skipped="0" hostname="LPT547-B1" name="Appium.MobileAutomation.SampleTest" tests="1" failures="0" timestamp="19 Dec 2018 10:29:10 GMT" time="16.070" errors="0">
  <testcase name="basicTest" time="16.070" classname="Appium.MobileAutomation.SampleTest"/>
</testsuite> <!-- Appium.MobileAutomation.SampleTest -->
